<?xml version="1.0" encoding="UTF-8"?>
<testsuite xmlns:xsi="http://www.w3.org/2001/XMLSchema-instance" xsi:noNamespaceSchemaLocation="https://maven.apache.org/surefire/maven-surefire-plugin/xsd/surefire-test-report-3.0.xsd" version="3.0" name="com.adv.AdvamfiportApplicationTests" time="4.857" tests="1" errors="0" skipped="0" failures="0">
  <properties>
[...]
</properties>
  <testcase name="contextLoads" classname="com.adv.AdvamfiportApplicationTests" time="0.563">
    <system-out><![CDATA[Standard Commons Logging discovery in action with spring-jcl: please remove commons-logging.jar from classpath in order to avoid potential conflicts
08:32:38.355 [main] INFO org.springframework.test.context.support.AnnotationConfigContextLoaderUtils -- Could not detect default configuration classes for test class [com.adv.AdvamfiportApplicationTests]: AdvamfiportApplicationTests does not declare any static, non-private, non-final, nested classes annotated with @Configuration.
08:32:38.503 [main] INFO org.springframework.boot.test.context.SpringBootTestContextBootstrapper -- Found @SpringBootConfiguration com.adv.AdvamfiportApplication for test class com.adv.AdvamfiportApplicationTests

  .   ____          _            __ _ _
 /\\ / ___'_ __ _ _(_)_ __  __ _ \ \ \ \
( ( )\___ | '_ | '_| | '_ \/ _` | \ \ \ \
 \\/  ___)| |_)| | | | | || (_| |  ) ) ) )
  '  |____| .__|_| |_|_| |_\__, | / / / /
 =========|_|==============|___/=/_/_/_/
 :: Spring Boot ::                (v3.1.4)

2024-02-10T08:32:38.907+05:30  INFO 1998 --- [           main] com.adv.AdvamfiportApplicationTests      : Starting AdvamfiportApplicationTests using Java 17.0.9 with PID 1998 (started by karthick in /Users/karthick/Documents/GitHub/advamfiport)
2024-02-10T08:32:38.908+05:30  INFO 1998 --- [           main] com.adv.AdvamfiportApplicationTests      : No active profile set, falling back to 1 default profile: "default"
2024-02-10T08:32:39.284+05:30  INFO 1998 --- [           main] .s.d.r.c.RepositoryConfigurationDelegate : Bootstrapping Spring Data JPA repositories in DEFAULT mode.
2024-02-10T08:32:39.326+05:30  INFO 1998 --- [           main] .s.d.r.c.RepositoryConfigurationDelegate : Finished Spring Data repository scanning in 35 ms. Found 2 JPA repository interfaces.
2024-02-10T08:32:39.855+05:30  INFO 1998 --- [           main] o.hibernate.jpa.internal.util.LogHelper  : HHH000204: Processing PersistenceUnitInfo [name: amfi]
2024-02-10T08:32:39.918+05:30  INFO 1998 --- [           main] org.hibernate.Version                    : HHH000412: Hibernate ORM core version 6.2.9.Final
2024-02-10T08:32:39.920+05:30  INFO 1998 --- [           main] org.hibernate.cfg.Environment            : HHH000406: Using bytecode reflection optimizer
2024-02-10T08:32:40.094+05:30  INFO 1998 --- [           main] o.h.b.i.BytecodeProviderInitiator        : HHH000021: Bytecode provider name : bytebuddy
2024-02-10T08:32:40.215+05:30  INFO 1998 --- [           main] o.s.o.j.p.SpringPersistenceUnitInfo      : No LoadTimeWeaver setup: ignoring JPA class transformer
2024-02-10T08:32:40.228+05:30  INFO 1998 --- [           main] com.zaxxer.hikari.HikariDataSource       : HikariPool-1 - Starting...
2024-02-10T08:32:40.532+05:30  INFO 1998 --- [           main] com.zaxxer.hikari.pool.HikariPool        : HikariPool-1 - Added connection com.mysql.cj.jdbc.ConnectionImpl@554566a8
2024-02-10T08:32:40.534+05:30  INFO 1998 --- [           main] com.zaxxer.hikari.HikariDataSource       : HikariPool-1 - Start completed.
2024-02-10T08:32:40.841+05:30  INFO 1998 --- [           main] o.h.b.i.BytecodeProviderInitiator        : HHH000021: Bytecode provider name : bytebuddy
2024-02-10T08:32:41.534+05:30  INFO 1998 --- [           main] o.h.e.t.j.p.i.JtaPlatformInitiator       : HHH000490: Using JtaPlatform implementation: [org.hibernate.engine.transaction.jta.platform.internal.NoJtaPlatform]
2024-02-10T08:32:41.537+05:30  INFO 1998 --- [           main] j.LocalContainerEntityManagerFactoryBean : Initialized JPA EntityManagerFactory for persistence unit 'amfi'
2024-02-10T08:32:42.016+05:30  WARN 1998 --- [           main] JpaBaseConfiguration$JpaWebConfiguration : spring.jpa.open-in-view is enabled by default. Therefore, database queries may be performed during view rendering. Explicitly configure spring.jpa.open-in-view to disable this warning
2024-02-10T08:32:42.410+05:30  INFO 1998 --- [           main] com.adv.AdvamfiportApplicationTests      : Started AdvamfiportApplicationTests in 3.734 seconds (process running for 4.92)
]]></system-out>
  </testcase>
</testsuite>